  Ball.cpp
  Block.cpp
  BlocksMap.cpp
d:\universidad\tpv\práctica 1\proyectossdl\practica1\blocksmap.cpp(7): warning C4018: '<': no coinciden signed/unsigned
d:\universidad\tpv\práctica 1\proyectossdl\practica1\blocksmap.cpp(9): warning C4018: '<': no coinciden signed/unsigned
d:\universidad\tpv\práctica 1\proyectossdl\practica1\blocksmap.cpp(21): warning C4018: '<': no coinciden signed/unsigned
d:\universidad\tpv\práctica 1\proyectossdl\practica1\blocksmap.cpp(23): warning C4018: '<': no coinciden signed/unsigned
d:\universidad\tpv\práctica 1\proyectossdl\practica1\blocksmap.cpp(43): warning C4018: '<': no coinciden signed/unsigned
d:\universidad\tpv\práctica 1\proyectossdl\practica1\blocksmap.cpp(46): warning C4018: '<': no coinciden signed/unsigned
  Game.cpp
d:\universidad\tpv\práctica 1\proyectossdl\practica1\game.cpp(29): warning C4244: 'argumento': conversión de 'const double' a 'uint'; posible pérdida de datos
d:\universidad\tpv\práctica 1\proyectossdl\practica1\game.cpp(30): warning C4244: 'argumento': conversión de 'const double' a 'uint'; posible pérdida de datos
  main.cpp
c:\program files (x86)\windows kits\10\include\10.0.17134.0\ucrt\crtdbg.h(303): warning C4005: '_malloca': redefinición de macro
  c:\program files (x86)\windows kits\10\include\10.0.17134.0\ucrt\malloc.h(122): note: vea la definición anterior de '_malloca'
  Paddle.cpp
  Texture.cpp
  Vector2D.cpp
  Wall.cpp
  Generando código...
  Practica1.vcxproj -> D:\Universidad\TPV\Práctica 1\ProyectosSDL\bin\Practica1Debug.exe
